app/manifest-merger-release-report.txt
-- Merging decision tree log ---
manifest
ADDED from AndroidManifest.xml:2:1
	package
		ADDED from AndroidManifest.xml:3:5
		INJECTED from AndroidManifest.xml:0:0
		INJECTED from AndroidManifest.xml:0:0
	android:versionName
		INJECTED from AndroidManifest.xml:0:0
		INJECTED from AndroidManifest.xml:0:0
	xmlns:android
		ADDED from AndroidManifest.xml:2:11
	android:versionCode
		INJECTED from AndroidManifest.xml:0:0
		INJECTED from AndroidManifest.xml:0:0
uses-feature#android.hardware.camera
ADDED from AndroidManifest.xml:5:5
MERGED from com.journeyapps:zxing-android-embedded:3.0.3:26:5
	android:required
		ADDED from AndroidManifest.xml:5:58
	android:name
		ADDED from AndroidManifest.xml:5:19
uses-permission#android.permission.CAMERA
ADDED from AndroidManifest.xml:6:5
MERGED from com.journeyapps:zxing-android-embedded:3.0.3:23:5
	android:name
		ADDED from AndroidManifest.xml:6:22
uses-permission#android.permission.WRITE_EXTERNAL_STORAGE
ADDED from AndroidManifest.xml:7:5
	android:name
		ADDED from AndroidManifest.xml:7:22
uses-permission#android.permission.INTERNET
ADDED from AndroidManifest.xml:8:5
	android:name
		ADDED from AndroidManifest.xml:8:22
uses-permission#android.permission.ACCESS_NETWORK_STATE
ADDED from AndroidManifest.xml:9:5
	android:name
		ADDED from AndroidManifest.xml:9:22
application
ADDED from AndroidManifest.xml:11:5
MERGED from com.android.support:appcompat-v7:23.1.1:22:5
MERGED from com.android.support:support-v4:23.1.1:22:5
MERGED from com.android.support:cardview-v7:23.1.1:22:5
MERGED from com.android.support:support-v4:23.1.1:22:5
MERGED from cc.trity.floatingactionbutton:library:1.0.0:12:5
MERGED from com.android.support:support-v4:23.1.1:22:5
MERGED from com.journeyapps:zxing-android-embedded:3.0.3:47:5
	android:label
		ADDED from AndroidManifest.xml:14:9
	android:allowBackup
		ADDED from AndroidManifest.xml:12:9
	android:icon
		ADDED from AndroidManifest.xml:13:9
	android:theme
		ADDED from AndroidManifest.xml:15:9
activity#com.example.lenovo.colouranalyzer.activities.MainActivity
ADDED from AndroidManifest.xml:16:9
	android:screenOrientation
		ADDED from AndroidManifest.xml:19:13
	android:label
		ADDED from AndroidManifest.xml:18:13
	android:configChanges
		ADDED from AndroidManifest.xml:20:13
	android:name
		ADDED from AndroidManifest.xml:17:13
intent-filter#android.intent.action.MAIN+android.intent.category.LAUNCHER
ADDED from AndroidManifest.xml:21:13
action#android.intent.action.MAIN
ADDED from AndroidManifest.xml:22:17
	android:name
		ADDED from AndroidManifest.xml:22:25
category#android.intent.category.LAUNCHER
ADDED from AndroidManifest.xml:24:17
	android:name
		ADDED from AndroidManifest.xml:24:27
activity#com.soundcloud.android.crop.CropImageActivity
ADDED from AndroidManifest.xml:28:9
	android:name
		ADDED from AndroidManifest.xml:28:19
activity#com.example.lenovo.colouranalyzer.activities.CaptureActivityAnyOrientation
ADDED from AndroidManifest.xml:30:9
	android:screenOrientation
		ADDED from AndroidManifest.xml:31:13
	android:stateNotNeeded
		ADDED from AndroidManifest.xml:32:13
	android:windowSoftInputMode
		ADDED from AndroidManifest.xml:34:13
	android:theme
		ADDED from AndroidManifest.xml:33:13
	android:name
		ADDED from AndroidManifest.xml:30:19
uses-sdk
INJECTED from AndroidManifest.xml:0:0 reason: use-sdk injection requested
MERGED from com.android.support:appcompat-v7:23.1.1:20:5
MERGED from com.android.support:support-v4:23.1.1:20:5
MERGED from com.android.support:cardview-v7:23.1.1:20:5
MERGED from com.android.support:recyclerview-v7:23.1.1:20:5
MERGED from com.android.support:support-v4:23.1.1:20:5
MERGED from cc.trity.floatingactionbutton:library:1.0.0:8:5
MERGED from com.baoyz.swipemenulistview:library:1.3.0:7:5
MERGED from com.android.support:support-v4:23.1.1:20:5
MERGED from com.journeyapps:zxing-android-embedded:3.0.3:19:5
MERGED from com.soundcloud.android:android-crop:1.0.1:6:5
	android:targetSdkVersion
		INJECTED from AndroidManifest.xml:0:0
		INJECTED from AndroidManifest.xml:0:0
	android:minSdkVersion
		INJECTED from AndroidManifest.xml:0:0
		INJECTED from AndroidManifest.xml:0:0
uses-feature#android.hardware.camera.front
ADDED from com.journeyapps:zxing-android-embedded:3.0.3:29:5
	android:required
		ADDED from com.journeyapps:zxing-android-embedded:3.0.3:31:9
	android:name
		ADDED from com.journeyapps:zxing-android-embedded:3.0.3:30:9
uses-feature#android.hardware.camera.autofocus
ADDED from com.journeyapps:zxing-android-embedded:3.0.3:34:5
	android:required
		ADDED from com.journeyapps:zxing-android-embedded:3.0.3:36:9
	android:name
		ADDED from com.journeyapps:zxing-android-embedded:3.0.3:35:9
uses-feature#android.hardware.camera.flash
ADDED from com.journeyapps:zxing-android-embedded:3.0.3:37:5
	android:required
		ADDED from com.journeyapps:zxing-android-embedded:3.0.3:39:9
	android:name
		ADDED from com.journeyapps:zxing-android-embedded:3.0.3:38:9
uses-feature#android.hardware.screen.landscape
ADDED from com.journeyapps:zxing-android-embedded:3.0.3:40:5
	android:required
		ADDED from com.journeyapps:zxing-android-embedded:3.0.3:42:9
	android:name
		ADDED from com.journeyapps:zxing-android-embedded:3.0.3:41:9
uses-feature#android.hardware.wifi
ADDED from com.journeyapps:zxing-android-embedded:3.0.3:43:5
	android:required
		ADDED from com.journeyapps:zxing-android-embedded:3.0.3:45:9
	android:name
		ADDED from com.journeyapps:zxing-android-embedded:3.0.3:44:9
activity#com.journeyapps.barcodescanner.CaptureActivity
ADDED from com.journeyapps:zxing-android-embedded:3.0.3:48:9
	android:clearTaskOnLaunch
		ADDED from com.journeyapps:zxing-android-embedded:3.0.3:50:13
	android:screenOrientation
		ADDED from com.journeyapps:zxing-android-embedded:3.0.3:51:13
	android:stateNotNeeded
		ADDED from com.journeyapps:zxing-android-embedded:3.0.3:52:13
	android:windowSoftInputMode
		ADDED from com.journeyapps:zxing-android-embedded:3.0.3:54:13
	android:theme
		ADDED from com.journeyapps:zxing-android-embedded:3.0.3:53:13
	android:name
		ADDED from com.journeyapps:zxing-android-embedded:3.0.3:49:13